
> voaya@0.1.0 dev
> concurrently "npm run dev:client" "npm run dev:server"

[0] 
[0] > voaya@0.1.0 dev:client
[0] > npm run dev --workspace=client
[0] 
[1] 
[1] > voaya@0.1.0 dev:server
[1] > npm run dev --workspace=server
[1] 
[1] 
[1] > @voaya/server@1.0.0 dev
[1] > nodemon src/index.ts
[1] 
[0] 
[0] > @voaya/client@0.1.0 dev
[0] > next dev --turbo -p 9002
[0] 
[1] [33m[nodemon] 3.1.10[39m
[1] [33m[nodemon] to restart at any time, enter `rs`[39m
[1] [33m[nodemon] watching path(s): *.*[39m
[1] [33m[nodemon] watching extensions: ts,json[39m
[1] [32m[nodemon] starting `ts-node src/index.ts`[39m
[0]    ▲ Next.js 15.3.3 (Turbopack)
[0]    - Local:        http://localhost:9002
[0]    - Network:      http://192.168.1.121:9002
[0]    - Environments: .env.local
[0] 
[0]  ✓ Starting...
[0]  ✓ Ready in 2.4s
[1] CLIENT_URL: http://localhost:9002
[1] 🚀 Server running on port 3001
[1] Health check available at http://localhost:3001/health
[0]  ○ Compiling /plan ...
[0]  ✓ Compiled /plan in 10s
[0]  GET /plan 200 in 11314ms
[0]  ⚠ Cross origin request detected from 192.168.1.121 to /_next/* resource. In a future major version of Next.js, you will need to explicitly configure "allowedDevOrigins" in next.config to allow this.
[0] Read more: https://nextjs.org/docs/app/api-reference/config/next-config-js/allowedDevOrigins
[0]  ○ Compiling /favicon.ico ...
[0]  ✓ Compiled /favicon.ico in 974ms
[0]  GET /favicon.ico?favicon.56766c03.ico 200 in 1287ms
